<?xml version="1.0" encoding="UTF-8"?>
<testsuite xmlns:xsi="http://www.w3.org/2001/XMLSchema-instance" xsi:noNamespaceSchemaLocation="https://maven.apache.org/surefire/maven-surefire-plugin/xsd/surefire-test-report-3.0.xsd" version="3.0" name="AssignmentManagerTest" time="0.064" tests="9" errors="0" skipped="0" failures="0">
  <properties>
[...]
</properties>
  <testcase name="addWithoutUserThrows" classname="AssignmentManagerTest" time="0.019"/>
  <testcase name="getUserPermissions" classname="AssignmentManagerTest" time="0.016"/>
  <testcase name="addDuplicateUserRoleThrows" classname="AssignmentManagerTest" time="0.002"/>
  <testcase name="revokeAssignment" classname="AssignmentManagerTest" time="0.002"/>
  <testcase name="userHasRole" classname="AssignmentManagerTest" time="0.002"/>
  <testcase name="addAndFindByUser" classname="AssignmentManagerTest" time="0.002"/>
  <testcase name="getActiveAssignments" classname="AssignmentManagerTest" time="0.002"/>
  <testcase name="extendTemporaryAssignment" classname="AssignmentManagerTest" time="0.003"/>
  <testcase name="userHasPermission" classname="AssignmentManagerTest" time="0.004"/>
</testsuite>