<?xml version="1.0" encoding="UTF-8"?>
<testsuite xmlns:xsi="http://www.w3.org/2001/XMLSchema-instance" xsi:noNamespaceSchemaLocation="https://maven.apache.org/surefire/maven-surefire-plugin/xsd/surefire-test-report-3.0.xsd" version="3.0" name="CommandRegistryTest" time="0.086" tests="17" errors="0" skipped="0" failures="0">
  <properties>
[...]
</properties>
  <testcase name="permissionsCheckCommand" classname="CommandRegistryTest" time="0.007">
    <system-out><![CDATA[Username: Имя права: Ресурс: ✓ У пользователя есть это право.
Из ролей:
  - Admin
]]></system-out>
  </testcase>
  <testcase name="userViewCommand" classname="CommandRegistryTest" time="0.005">
    <system-out><![CDATA[Username: 
admin (System Administrator) <admin@system.local>
Роли:
  - Admin [PERMANENT, ACTIVE]
Все права (7):
  - WRITE on users: Создание и редактирование пользователей
  - READ on users: Просмотр пользователей
  - WRITE on reports: Создание отчётов
  - DELETE on users: Удаление пользователей
  - READ on roles: Просмотр ролей
  - READ on reports: Просмотр отчётов
  - WRITE on roles: Управление ролями

]]></system-out>
  </testcase>
  <testcase name="roleCreateCommand" classname="CommandRegistryTest" time="0.003">
    <system-out><![CDATA[Название роли: Описание: Роль создана: TestRole [role_1030acad-6d9b-43ab-a47a-e2594101ba47]
Добавить права? (да/нет): ]]></system-out>
  </testcase>
  <testcase name="assignmentExpiredCommand" classname="CommandRegistryTest" time="0.003">
    <system-out><![CDATA[Истёкших назначений нет.
]]></system-out>
  </testcase>
  <testcase name="userListCommand" classname="CommandRegistryTest" time="0.002">
    <system-out><![CDATA[
========================
= Список пользователей =
========================
+----------+----------------------+--------------------+
| Username | Полное имя           | Email              |
+----------+----------------------+--------------------+
| admin    | System Administrator | admin@system.local |
+----------+----------------------+--------------------+
]]></system-out>
  </testcase>
  <testcase name="assignmentActiveCommand" classname="CommandRegistryTest" time="0.004">
    <system-out><![CDATA[Активные назначения (1):
  admin -> Admin [PERMANENT]
]]></system-out>
  </testcase>
  <testcase name="assignmentListUserCommand" classname="CommandRegistryTest" time="0.004">
    <system-out><![CDATA[Username: Назначения для admin:
[PERMANENT] Admin назначена пользователю admin, назначил system 2026-03-09T17:53:45.647048
Причина: Инициализация системы
Статус: ACTIVE

]]></system-out>
  </testcase>
  <testcase name="assignRoleCommand" classname="CommandRegistryTest" time="0.002">
    <system-out><![CDATA[Username: Доступные роли:
1. Admin
2. Viewer
3. Manager
Выберите роль (номер): Тип назначения (1-постоянное, 2-временное): Причина назначения: Роль назначена (постоянно).
]]></system-out>
  </testcase>
  <testcase name="statsCommand" classname="CommandRegistryTest" time="0.007">
    <system-out><![CDATA[=== Статистика системы RBAC ===
Пользователей: 1
Ролей: 3
Назначений: 1 (активных: 1, истёкших: 0)
Среднее кол-во ролей на пользователя: 1,00
Топ-3 популярных ролей:
  1. Admin (1 назначений)

]]></system-out>
  </testcase>
  <testcase name="permissionsUserCommand" classname="CommandRegistryTest" time="0.002">
    <system-out><![CDATA[Username: Права пользователя admin (7):
  Ресурс: reports
    - WRITE: Создание отчётов
    - READ: Просмотр отчётов
  Ресурс: roles
    - READ: Просмотр ролей
    - WRITE: Управление ролями
  Ресурс: users
    - WRITE: Создание и редактирование пользователей
    - READ: Просмотр пользователей
    - DELETE: Удаление пользователей
]]></system-out>
  </testcase>
  <testcase name="userCreateCommand" classname="CommandRegistryTest" time="0.003">
    <system-out><![CDATA[Username: Полное имя: Email: Пользователь создан: test_user (Test User) <test@example.com>
]]></system-out>
  </testcase>
  <testcase name="roleViewCommand" classname="CommandRegistryTest" time="0.002">
    <system-out><![CDATA[Имя роли: 
Role: Admin [ID: role_bf6c3f7e-c966-4e97-8f32-82e97e41b165]
Description: Полный доступ к системе
Permissions (7):
  - READ on users: Просмотр пользователей
  - WRITE on users: Создание и редактирование пользователей
  - WRITE on reports: Создание отчётов
  - DELETE on users: Удаление пользователей
  - READ on roles: Просмотр ролей
  - READ on reports: Просмотр отчётов
  - WRITE on roles: Управление ролями

]]></system-out>
  </testcase>
  <testcase name="clearCommand" classname="CommandRegistryTest" time="0.006">
    <system-out><![CDATA[

















































]]></system-out>
  </testcase>
  <testcase name="assignmentListCommand" classname="CommandRegistryTest" time="0.002">
    <system-out><![CDATA[
=====================
= Список назначений =
=====================
+----------+-------+-----------+--------+----------------------------+
| Username | Роль  | Тип       | Статус | Назначено                  |
+----------+-------+-----------+--------+----------------------------+
| admin    | Admin | PERMANENT | ACTIVE | 2026-03-09T17:53:45.680419 |
+----------+-------+-----------+--------+----------------------------+
]]></system-out>
  </testcase>
  <testcase name="userUpdateCommand" classname="CommandRegistryTest" time="0.003">
    <system-out><![CDATA[Username: Новое полное имя: Новый email: Данные обновлены.
]]></system-out>
  </testcase>
  <testcase name="roleListCommand" classname="CommandRegistryTest" time="0.003">
    <system-out><![CDATA[
================
= Список ролей =
================
+----------+------+-------------------------------------------+
| Название | Прав | ID                                        |
+----------+------+-------------------------------------------+
| Viewer   | 3    | role_8e435646-90bc-4942-b430-82d21e017591 |
| Manager  | 3    | role_b70675e4-584e-49e3-a459-63db24654afe |
| Admin    | 7    | role_c206e2d0-b437-407f-9910-ea6cc390e717 |
+----------+------+-------------------------------------------+
]]></system-out>
  </testcase>
  <testcase name="helpCommand" classname="CommandRegistryTest" time="0.005">
    <system-out><![CDATA[
=== Список команд ===
  user-list                 Список всех пользователей
  user-create               Создать нового пользователя
  user-view                 Просмотр информации о пользователе
  user-update               Обновить данные пользователя
  user-delete               Удалить пользователя
  user-search               Поиск пользователей по фильтрам
  role-list                 Список всех ролей
  role-create               Создать новую роль
  role-view                 Просмотр роли
  role-delete               Удалить роль
  role-add-permission       Добавить право к роли
  role-remove-permission    Удалить право из роли
  role-search               Поиск ролей
  assign-role               Назначить роль пользователю
  revoke-role               Отозвать роль у пользователя
  assignment-list           Список всех назначений
  assignment-list-user      Назначения конкретного пользователя
  assignment-list-role      Пользователи с конкретной ролью
  assignment-active         Только активные назначения
  assignment-expired        Истёкшие временные назначения
  assignment-extend         Продлить временное назначение
  assignment-search         Поиск назначений по фильтрам
  permissions-user          Все права конкретного пользователя
  permissions-check         Проверить право пользователя
  help                      Справка по командам
  stats                     Статистика системы
  audit-log                 Просмотр логов аудита
  report-users              Отчёт по пользователям
  report-roles              Отчёт по ролям
  report-matrix             Матрица прав
  clear                     Очистить экран
  exit                      Выход из программы

]]></system-out>
  </testcase>
</testsuite>